 MISST :: INFO     :: Logger initialized (2023-05-23 21:57:20)
 MISST :: INFO     :: Python version:	3.9.13 (tags/v3.9.13:6de2ca5, May 17 2022, 16:36:42) [MSC v.1929 64 bit (AMD64)]
 MISST :: INFO     :: System:	Windows-10-10.0.22621-SP0
 MISST :: INFO     :: CPU:	AMD64 Family 23 Model 113 Stepping 0, AuthenticAMD
 MISST :: INFO     :: Memory:	32701.703MB
 MISST :: INFO     :: PyTorch version:	1.9.0+cu111
 MISST :: INFO     :: CUDA available:	True
 MISST :: INFO     :: CUDA 0:	name='NVIDIA GeForce RTX 2070 SUPER', major=7, minor=5, total_memory=8191MB, multi_processor_count=40
 MISST :: INFO     :: Demucs version:	3.0.5
 MISST :: INFO     :: FFMpeg available:	True
 MISST :: INFO     :: MISST version:	3.0.2
 MISST :: INFO     :: Preprocessing C:/Users/noahs/Downloads/test.mp3...
 MISST :: INFO     :: Loading file
 MISST :: INFO     :: Loaded audio of shape (2, 7865344)
 MISST :: INFO     :: Loading model to device cuda
 MISST :: INFO     :: Total splits of 'C:\Users\noahs\Downloads\test.mp3' : 24
 MISST :: INFO     :: Separation 1/24
 MISST :: INFO     :: Separation 2/24
 MISST :: INFO     :: Separation 3/24
 MISST :: INFO     :: Separation 4/24
 MISST :: INFO     :: Separation 5/24
 MISST :: INFO     :: Separation 6/24
 MISST :: INFO     :: Separation 7/24
 MISST :: INFO     :: Separation 8/24
 MISST :: INFO     :: Separation 9/24
 MISST :: INFO     :: Separation 10/24
 MISST :: INFO     :: Separation 11/24
 MISST :: INFO     :: Separation 12/24
 MISST :: INFO     :: Separation 13/24
 MISST :: INFO     :: Separation 14/24
 MISST :: INFO     :: Separation 15/24
 MISST :: INFO     :: Separation 16/24
 MISST :: INFO     :: Separation 17/24
 MISST :: INFO     :: Separation 18/24
 MISST :: INFO     :: Separation 19/24
 MISST :: INFO     :: Separation 20/24
 MISST :: INFO     :: Separation 21/24
 MISST :: INFO     :: Separation 22/24
 MISST :: INFO     :: Separation 23/24
 MISST :: INFO     :: Separation 24/24
 MISST :: INFO     :: Writing to file
 MISST :: INFO     :: Logger initialized (2023-05-23 22:00:20)
 MISST :: INFO     :: Python version:	3.9.13 (tags/v3.9.13:6de2ca5, May 17 2022, 16:36:42) [MSC v.1929 64 bit (AMD64)]
 MISST :: INFO     :: System:	Windows-10-10.0.22621-SP0
 MISST :: INFO     :: CPU:	AMD64 Family 23 Model 113 Stepping 0, AuthenticAMD
 MISST :: INFO     :: Memory:	32701.703MB
 MISST :: INFO     :: PyTorch version:	1.9.0+cu111
 MISST :: INFO     :: CUDA available:	True
 MISST :: INFO     :: CUDA 0:	name='NVIDIA GeForce RTX 2070 SUPER', major=7, minor=5, total_memory=8191MB, multi_processor_count=40
 MISST :: INFO     :: Demucs version:	3.0.5
 MISST :: INFO     :: FFMpeg available:	True
 MISST :: INFO     :: MISST version:	3.0.2
 MISST :: INFO     :: Preprocessing C:/Users/noahs/Downloads/test.mp3...
 MISST :: INFO     :: Loading file
 MISST :: INFO     :: Loaded audio of shape (2, 7865344)
 MISST :: INFO     :: Loading model to device cuda
 MISST :: INFO     :: Total splits of 'C:\Users\noahs\Downloads\test.mp3' : 24
 MISST :: INFO     :: Separation 1/24
 MISST :: INFO     :: Separation 2/24
 MISST :: INFO     :: Separation 3/24
 MISST :: INFO     :: Separation 4/24
 MISST :: INFO     :: Separation 5/24
 MISST :: INFO     :: Separation 6/24
 MISST :: INFO     :: Separation 7/24
 MISST :: INFO     :: Separation 8/24
 MISST :: INFO     :: Separation 9/24
 MISST :: INFO     :: Separation 10/24
 MISST :: INFO     :: Separation 11/24
 MISST :: INFO     :: Separation 12/24
 MISST :: INFO     :: Separation 13/24
 MISST :: INFO     :: Separation 14/24
 MISST :: INFO     :: Separation 15/24
 MISST :: INFO     :: Separation 16/24
 MISST :: INFO     :: Separation 17/24
 MISST :: INFO     :: Separation 18/24
 MISST :: INFO     :: Separation 19/24
 MISST :: INFO     :: Logger initialized (2023-05-23 22:01:11)
 MISST :: INFO     :: Python version:	3.9.13 (tags/v3.9.13:6de2ca5, May 17 2022, 16:36:42) [MSC v.1929 64 bit (AMD64)]
 MISST :: INFO     :: System:	Windows-10-10.0.22621-SP0
 MISST :: INFO     :: CPU:	AMD64 Family 23 Model 113 Stepping 0, AuthenticAMD
 MISST :: INFO     :: Memory:	32701.703MB
 MISST :: INFO     :: PyTorch version:	1.9.0+cu111
 MISST :: INFO     :: CUDA available:	True
 MISST :: INFO     :: CUDA 0:	name='NVIDIA GeForce RTX 2070 SUPER', major=7, minor=5, total_memory=8191MB, multi_processor_count=40
 MISST :: INFO     :: Demucs version:	3.0.5
 MISST :: INFO     :: FFMpeg available:	True
 MISST :: INFO     :: MISST version:	3.0.2
 MISST :: INFO     :: Preprocessing C:/Users/noahs/Downloads/test.mp3...
 MISST :: INFO     :: Loading file
 MISST :: INFO     :: Loaded audio of shape (2, 7865344)
 MISST :: INFO     :: Loading model to device cuda
 MISST :: INFO     :: Total splits of 'C:\Users\noahs\Downloads\test.mp3' : 24
 MISST :: INFO     :: Separation 1/24
 MISST :: INFO     :: Separation 2/24
 MISST :: INFO     :: Separation 3/24
 MISST :: INFO     :: Separation 4/24
 MISST :: INFO     :: Separation 5/24
 MISST :: INFO     :: Separation 6/24
 MISST :: INFO     :: Separation 7/24
 MISST :: INFO     :: Separation 8/24
 MISST :: INFO     :: Separation 9/24
 MISST :: INFO     :: Separation 10/24
 MISST :: INFO     :: Separation 11/24
 MISST :: INFO     :: Separation 12/24
 MISST :: INFO     :: Separation 13/24
 MISST :: INFO     :: Separation 14/24
 MISST :: INFO     :: Logger initialized (2023-05-23 22:03:05)
 MISST :: INFO     :: Python version:	3.9.13 (tags/v3.9.13:6de2ca5, May 17 2022, 16:36:42) [MSC v.1929 64 bit (AMD64)]
 MISST :: INFO     :: System:	Windows-10-10.0.22621-SP0
 MISST :: INFO     :: CPU:	AMD64 Family 23 Model 113 Stepping 0, AuthenticAMD
 MISST :: INFO     :: Memory:	32701.703MB
 MISST :: INFO     :: PyTorch version:	1.9.0+cu111
 MISST :: INFO     :: CUDA available:	True
 MISST :: INFO     :: CUDA 0:	name='NVIDIA GeForce RTX 2070 SUPER', major=7, minor=5, total_memory=8191MB, multi_processor_count=40
 MISST :: INFO     :: Demucs version:	3.0.5
 MISST :: INFO     :: FFMpeg available:	True
 MISST :: INFO     :: MISST version:	3.0.2
 MISST :: INFO     :: Preprocessing C:/Users/noahs/Downloads/test.mp3...
 MISST :: INFO     :: Loading file
 MISST :: INFO     :: Loaded audio of shape (2, 7865344)
 MISST :: INFO     :: Loading model to device cuda
 MISST :: INFO     :: Total splits of 'C:\Users\noahs\Downloads\test.mp3' : 24
 MISST :: INFO     :: Separation 1/24
 MISST :: INFO     :: Separation 2/24
 MISST :: INFO     :: Separation 3/24
 MISST :: INFO     :: Separation 4/24
 MISST :: INFO     :: Separation 5/24
 MISST :: INFO     :: Separation 6/24
 MISST :: INFO     :: Separation 7/24
 MISST :: INFO     :: Separation 8/24
 MISST :: INFO     :: Separation 9/24
 MISST :: INFO     :: Separation 10/24
 MISST :: INFO     :: Separation 11/24
 MISST :: INFO     :: Separation 12/24
 MISST :: INFO     :: Separation 13/24
 MISST :: INFO     :: Separation 14/24
 MISST :: INFO     :: Separation 15/24
 MISST :: INFO     :: Separation 16/24
 MISST :: INFO     :: Separation 17/24
 MISST :: INFO     :: Separation 18/24
 MISST :: INFO     :: Separation 19/24
 MISST :: INFO     :: Separation 20/24
 MISST :: INFO     :: Separation 21/24
 MISST :: INFO     :: Separation 22/24
 MISST :: INFO     :: Separation 23/24
 MISST :: INFO     :: Separation 24/24
 MISST :: INFO     :: Writing to file
 MISST :: INFO     :: Logger initialized (2023-05-23 22:10:08)
 MISST :: INFO     :: Python version:	3.9.13 (tags/v3.9.13:6de2ca5, May 17 2022, 16:36:42) [MSC v.1929 64 bit (AMD64)]
 MISST :: INFO     :: System:	Windows-10-10.0.22621-SP0
 MISST :: INFO     :: CPU:	AMD64 Family 23 Model 113 Stepping 0, AuthenticAMD
 MISST :: INFO     :: Memory:	32701.703MB
 MISST :: INFO     :: PyTorch version:	1.9.0+cu111
 MISST :: INFO     :: CUDA available:	True
 MISST :: INFO     :: CUDA 0:	name='NVIDIA GeForce RTX 2070 SUPER', major=7, minor=5, total_memory=8191MB, multi_processor_count=40
 MISST :: INFO     :: Demucs version:	3.0.5
 MISST :: INFO     :: FFMpeg available:	True
 MISST :: INFO     :: MISST version:	3.0.2
 MISST :: INFO     :: Preprocessing C:/Users/noahs/Downloads/test.mp3...
 MISST :: INFO     :: Loading file
 MISST :: INFO     :: Loaded audio of shape (2, 7865344)
 MISST :: INFO     :: Loading model to device cuda
 MISST :: INFO     :: Total splits of 'C:\Users\noahs\Downloads\test.mp3' : 24
 MISST :: INFO     :: Separation 1/24
 MISST :: INFO     :: Separation 2/24
 MISST :: INFO     :: Separation 3/24
 MISST :: INFO     :: Separation 4/24
 MISST :: INFO     :: Separation 5/24
 MISST :: INFO     :: Separation 6/24
 MISST :: INFO     :: Separation 7/24
 MISST :: INFO     :: Separation 8/24
 MISST :: INFO     :: Separation 9/24
 MISST :: INFO     :: Separation 10/24
 MISST :: INFO     :: Separation 11/24
 MISST :: INFO     :: Separation 12/24
 MISST :: INFO     :: Separation 13/24
 MISST :: INFO     :: Separation 14/24
 MISST :: INFO     :: Separation 15/24
 MISST :: INFO     :: Separation 16/24
 MISST :: INFO     :: Separation 17/24
 MISST :: INFO     :: Separation 18/24
 MISST :: INFO     :: Separation 19/24
 MISST :: INFO     :: Separation 20/24
 MISST :: INFO     :: Separation 21/24
 MISST :: INFO     :: Separation 22/24
 MISST :: INFO     :: Separation 23/24
 MISST :: INFO     :: Separation 24/24
 MISST :: INFO     :: Writing to file
 MISST :: INFO     :: Logger initialized (2023-05-23 22:14:51)
 MISST :: INFO     :: Python version:	3.9.13 (tags/v3.9.13:6de2ca5, May 17 2022, 16:36:42) [MSC v.1929 64 bit (AMD64)]
 MISST :: INFO     :: System:	Windows-10-10.0.22621-SP0
 MISST :: INFO     :: CPU:	AMD64 Family 23 Model 113 Stepping 0, AuthenticAMD
 MISST :: INFO     :: Memory:	32701.703MB
 MISST :: INFO     :: PyTorch version:	1.9.0+cu111
 MISST :: INFO     :: CUDA available:	True
 MISST :: INFO     :: CUDA 0:	name='NVIDIA GeForce RTX 2070 SUPER', major=7, minor=5, total_memory=8191MB, multi_processor_count=40
 MISST :: INFO     :: Demucs version:	3.0.5
 MISST :: INFO     :: FFMpeg available:	True
 MISST :: INFO     :: MISST version:	3.0.2
 MISST :: INFO     :: Preprocessing C:/Users/noahs/Downloads/test.mp3...
 MISST :: INFO     :: Loading file
 MISST :: INFO     :: Loaded audio of shape (2, 7865344)
 MISST :: INFO     :: Loading model to device cuda
 MISST :: INFO     :: Total splits of 'C:\Users\noahs\Downloads\test.mp3' : 24
 MISST :: INFO     :: Separation 1/24
 MISST :: INFO     :: Separation 2/24
 MISST :: INFO     :: Separation 3/24
 MISST :: INFO     :: Separation 4/24
 MISST :: INFO     :: Separation 5/24
 MISST :: INFO     :: Separation 6/24
 MISST :: INFO     :: Separation 7/24
 MISST :: INFO     :: Separation 8/24
 MISST :: INFO     :: Separation 9/24
 MISST :: INFO     :: Separation 10/24
 MISST :: INFO     :: Separation 11/24
 MISST :: INFO     :: Separation 12/24
 MISST :: INFO     :: Separation 13/24
 MISST :: INFO     :: Separation 14/24
 MISST :: INFO     :: Separation 15/24
 MISST :: INFO     :: Separation 16/24
 MISST :: INFO     :: Separation 17/24
 MISST :: INFO     :: Separation 18/24
 MISST :: INFO     :: Separation 19/24
 MISST :: INFO     :: Separation 20/24
 MISST :: INFO     :: Separation 21/24
 MISST :: INFO     :: Separation 22/24
 MISST :: INFO     :: Separation 23/24
 MISST :: INFO     :: Separation 24/24
 MISST :: INFO     :: Writing to file
 MISST :: INFO     :: Logger initialized (2023-05-23 22:18:37)
 MISST :: INFO     :: Python version:	3.9.13 (tags/v3.9.13:6de2ca5, May 17 2022, 16:36:42) [MSC v.1929 64 bit (AMD64)]
 MISST :: INFO     :: System:	Windows-10-10.0.22621-SP0
 MISST :: INFO     :: CPU:	AMD64 Family 23 Model 113 Stepping 0, AuthenticAMD
 MISST :: INFO     :: Memory:	32701.703MB
 MISST :: INFO     :: PyTorch version:	1.9.0+cu111
 MISST :: INFO     :: CUDA available:	True
 MISST :: INFO     :: CUDA 0:	name='NVIDIA GeForce RTX 2070 SUPER', major=7, minor=5, total_memory=8191MB, multi_processor_count=40
 MISST :: INFO     :: Demucs version:	3.0.5
 MISST :: INFO     :: FFMpeg available:	True
 MISST :: INFO     :: MISST version:	3.0.2
 MISST :: INFO     :: Preprocessing C:/Users/noahs/Downloads/test.mp3...
 MISST :: INFO     :: Loading file
 MISST :: INFO     :: Loaded audio of shape (2, 7865344)
 MISST :: INFO     :: Loading model to device cuda
 MISST :: INFO     :: Total splits of 'C:\Users\noahs\Downloads\test.mp3' : 24
 MISST :: INFO     :: Separation 1/24
 MISST :: ERROR    :: editLine() missing 1 required positional argument: 'line_number'
 MISST :: INFO     :: Logger initialized (2023-05-23 22:19:12)
 MISST :: INFO     :: Python version:	3.9.13 (tags/v3.9.13:6de2ca5, May 17 2022, 16:36:42) [MSC v.1929 64 bit (AMD64)]
 MISST :: INFO     :: System:	Windows-10-10.0.22621-SP0
 MISST :: INFO     :: CPU:	AMD64 Family 23 Model 113 Stepping 0, AuthenticAMD
 MISST :: INFO     :: Memory:	32701.703MB
 MISST :: INFO     :: PyTorch version:	1.9.0+cu111
 MISST :: INFO     :: CUDA available:	True
 MISST :: INFO     :: CUDA 0:	name='NVIDIA GeForce RTX 2070 SUPER', major=7, minor=5, total_memory=8191MB, multi_processor_count=40
 MISST :: INFO     :: Demucs version:	3.0.5
 MISST :: INFO     :: FFMpeg available:	True
 MISST :: INFO     :: MISST version:	3.0.2
 MISST :: INFO     :: Preprocessing C:/Users/noahs/Downloads/test.mp3...
 MISST :: INFO     :: Loading file
 MISST :: INFO     :: Loaded audio of shape (2, 7865344)
 MISST :: INFO     :: Loading model to device cuda
 MISST :: INFO     :: Total splits of 'C:\Users\noahs\Downloads\test.mp3' : 24
 MISST :: INFO     :: Separation 1/24
 MISST :: INFO     :: Separation 2/24
 MISST :: INFO     :: Separation 3/24
 MISST :: INFO     :: Separation 4/24
 MISST :: INFO     :: Separation 5/24
 MISST :: INFO     :: Separation 6/24
 MISST :: INFO     :: Separation 7/24
 MISST :: INFO     :: Separation 8/24
 MISST :: INFO     :: Separation 9/24
 MISST :: INFO     :: Separation 10/24
 MISST :: INFO     :: Separation 11/24
 MISST :: INFO     :: Separation 12/24
 MISST :: INFO     :: Separation 13/24
 MISST :: INFO     :: Separation 14/24
 MISST :: INFO     :: Separation 15/24
 MISST :: INFO     :: Separation 16/24
 MISST :: INFO     :: Separation 17/24
 MISST :: INFO     :: Separation 18/24
 MISST :: INFO     :: Separation 19/24
 MISST :: INFO     :: Separation 20/24
 MISST :: INFO     :: Separation 21/24
 MISST :: INFO     :: Separation 22/24
 MISST :: INFO     :: Separation 23/24
 MISST :: INFO     :: Separation 24/24
 MISST :: INFO     :: Writing to file
 MISST :: INFO     :: Logger initialized (2023-05-23 22:20:08)
 MISST :: INFO     :: Python version:	3.9.13 (tags/v3.9.13:6de2ca5, May 17 2022, 16:36:42) [MSC v.1929 64 bit (AMD64)]
 MISST :: INFO     :: System:	Windows-10-10.0.22621-SP0
 MISST :: INFO     :: CPU:	AMD64 Family 23 Model 113 Stepping 0, AuthenticAMD
 MISST :: INFO     :: Memory:	32701.703MB
 MISST :: INFO     :: PyTorch version:	1.9.0+cu111
 MISST :: INFO     :: CUDA available:	True
 MISST :: INFO     :: CUDA 0:	name='NVIDIA GeForce RTX 2070 SUPER', major=7, minor=5, total_memory=8191MB, multi_processor_count=40
 MISST :: INFO     :: Demucs version:	3.0.5
 MISST :: INFO     :: FFMpeg available:	True
 MISST :: INFO     :: MISST version:	3.0.2
 MISST :: INFO     :: Preprocessing C:/Users/noahs/Downloads/test.mp3...
 MISST :: INFO     :: Loading file
 MISST :: INFO     :: Loaded audio of shape (2, 7865344)
 MISST :: INFO     :: Loading model to device cuda
 MISST :: INFO     :: Total splits of 'C:\Users\noahs\Downloads\test.mp3' : 24
 MISST :: INFO     :: Separation 1/24
 MISST :: INFO     :: Separation 2/24
 MISST :: INFO     :: Separation 3/24
 MISST :: INFO     :: Separation 4/24
 MISST :: INFO     :: Separation 5/24
 MISST :: INFO     :: Separation 6/24
 MISST :: INFO     :: Separation 7/24
 MISST :: INFO     :: Separation 8/24
 MISST :: INFO     :: Separation 9/24
 MISST :: INFO     :: Separation 10/24
 MISST :: INFO     :: Separation 11/24
 MISST :: INFO     :: Separation 12/24
 MISST :: INFO     :: Separation 13/24
 MISST :: INFO     :: Separation 14/24
 MISST :: INFO     :: Separation 15/24
 MISST :: INFO     :: Separation 16/24
 MISST :: INFO     :: Separation 17/24
 MISST :: INFO     :: Separation 18/24
 MISST :: INFO     :: Separation 19/24
 MISST :: INFO     :: Separation 20/24
 MISST :: INFO     :: Separation 21/24
 MISST :: INFO     :: Separation 22/24
 MISST :: INFO     :: Separation 23/24
 MISST :: INFO     :: Separation 24/24
 MISST :: INFO     :: Writing to file
 MISST :: INFO     :: Logger initialized (2023-05-23 22:23:07)
 MISST :: INFO     :: Python version:	3.9.13 (tags/v3.9.13:6de2ca5, May 17 2022, 16:36:42) [MSC v.1929 64 bit (AMD64)]
 MISST :: INFO     :: System:	Windows-10-10.0.22621-SP0
 MISST :: INFO     :: CPU:	AMD64 Family 23 Model 113 Stepping 0, AuthenticAMD
 MISST :: INFO     :: Memory:	32701.703MB
 MISST :: INFO     :: PyTorch version:	1.9.0+cu111
 MISST :: INFO     :: CUDA available:	True
 MISST :: INFO     :: CUDA 0:	name='NVIDIA GeForce RTX 2070 SUPER', major=7, minor=5, total_memory=8191MB, multi_processor_count=40
 MISST :: INFO     :: Demucs version:	3.0.5
 MISST :: INFO     :: FFMpeg available:	True
 MISST :: INFO     :: MISST version:	3.0.2
 MISST :: INFO     :: Preprocessing C:/Users/noahs/Downloads/test.mp3...
 MISST :: INFO     :: Loading file
 MISST :: INFO     :: Loaded audio of shape (2, 7865344)
 MISST :: INFO     :: Loading model to device cuda
 MISST :: INFO     :: Total splits of 'C:\Users\noahs\Downloads\test.mp3' : 24
 MISST :: INFO     :: Separation 1/24
 MISST :: INFO     :: Separation 2/24
 MISST :: INFO     :: Separation 3/24
 MISST :: INFO     :: Separation 4/24
 MISST :: INFO     :: Separation 5/24
 MISST :: INFO     :: Separation 6/24
 MISST :: INFO     :: Separation 7/24
 MISST :: INFO     :: Separation 8/24
 MISST :: INFO     :: Separation 9/24
 MISST :: INFO     :: Separation 10/24
 MISST :: INFO     :: Separation 11/24
 MISST :: INFO     :: Separation 12/24
 MISST :: INFO     :: Separation 13/24
 MISST :: INFO     :: Separation 14/24
 MISST :: INFO     :: Separation 15/24
 MISST :: INFO     :: Separation 16/24
 MISST :: INFO     :: Separation 17/24
 MISST :: INFO     :: Separation 18/24
 MISST :: INFO     :: Separation 19/24
 MISST :: INFO     :: Separation 20/24
 MISST :: INFO     :: Separation 21/24
 MISST :: INFO     :: Separation 22/24
 MISST :: INFO     :: Separation 23/24
 MISST :: INFO     :: Separation 24/24
 MISST :: INFO     :: Writing to file
 MISST :: INFO     :: Logger initialized (2023-05-23 22:24:17)
 MISST :: INFO     :: Python version:	3.9.13 (tags/v3.9.13:6de2ca5, May 17 2022, 16:36:42) [MSC v.1929 64 bit (AMD64)]
 MISST :: INFO     :: System:	Windows-10-10.0.22621-SP0
 MISST :: INFO     :: CPU:	AMD64 Family 23 Model 113 Stepping 0, AuthenticAMD
 MISST :: INFO     :: Memory:	32701.703MB
 MISST :: INFO     :: PyTorch version:	1.9.0+cu111
 MISST :: INFO     :: CUDA available:	True
 MISST :: INFO     :: CUDA 0:	name='NVIDIA GeForce RTX 2070 SUPER', major=7, minor=5, total_memory=8191MB, multi_processor_count=40
 MISST :: INFO     :: Demucs version:	3.0.5
 MISST :: INFO     :: FFMpeg available:	True
 MISST :: INFO     :: MISST version:	3.0.2
 MISST :: INFO     :: Preprocessing C:/Users/noahs/Downloads/test.mp3...
 MISST :: INFO     :: Loading file
 MISST :: INFO     :: Loaded audio of shape (2, 7865344)
 MISST :: INFO     :: Loading model to device cuda
 MISST :: INFO     :: Total splits of 'C:\Users\noahs\Downloads\test.mp3' : 24
 MISST :: INFO     :: Separation 1/24
 MISST :: INFO     :: Separation 2/24
 MISST :: INFO     :: Separation 3/24
 MISST :: INFO     :: Separation 4/24
 MISST :: INFO     :: Separation 5/24
 MISST :: INFO     :: Separation 6/24
 MISST :: INFO     :: Logger initialized (2023-05-23 22:30:41)
 MISST :: INFO     :: Python version:	3.9.13 (tags/v3.9.13:6de2ca5, May 17 2022, 16:36:42) [MSC v.1929 64 bit (AMD64)]
 MISST :: INFO     :: System:	Windows-10-10.0.22621-SP0
 MISST :: INFO     :: CPU:	AMD64 Family 23 Model 113 Stepping 0, AuthenticAMD
 MISST :: INFO     :: Memory:	32701.703MB
 MISST :: INFO     :: PyTorch version:	1.9.0+cu111
 MISST :: INFO     :: CUDA available:	True
 MISST :: INFO     :: CUDA 0:	name='NVIDIA GeForce RTX 2070 SUPER', major=7, minor=5, total_memory=8191MB, multi_processor_count=40
 MISST :: INFO     :: Demucs version:	3.0.5
 MISST :: INFO     :: FFMpeg available:	True
 MISST :: INFO     :: MISST version:	3.0.2
 MISST :: INFO     :: Preprocessing C:/Users/noahs/Downloads/test.mp3...
 MISST :: INFO     :: Loading file
 MISST :: INFO     :: Loaded audio of shape (2, 7865344)
 MISST :: INFO     :: Loading model to device cuda
 MISST :: INFO     :: Total splits of 'C:\Users\noahs\Downloads\test.mp3' : 24
 MISST :: INFO     :: Separation 1/24
 MISST :: INFO     :: Separation 2/24
 MISST :: INFO     :: Separation 3/24
 MISST :: INFO     :: Separation 4/24
 MISST :: INFO     :: Separation 5/24
 MISST :: INFO     :: Separation 6/24
 MISST :: INFO     :: Separation 7/24
 MISST :: INFO     :: Separation 8/24
 MISST :: INFO     :: Separation 9/24
 MISST :: INFO     :: Separation 10/24
 MISST :: INFO     :: Separation 11/24
 MISST :: INFO     :: Separation 12/24
 MISST :: INFO     :: Separation 13/24
 MISST :: INFO     :: Separation 14/24
 MISST :: INFO     :: Separation 15/24
 MISST :: INFO     :: Separation 16/24
 MISST :: INFO     :: Separation 17/24
 MISST :: INFO     :: Separation 18/24
 MISST :: INFO     :: Separation 19/24
 MISST :: INFO     :: Separation 20/24
 MISST :: INFO     :: Separation 21/24
 MISST :: INFO     :: Separation 22/24
 MISST :: INFO     :: Separation 23/24
 MISST :: INFO     :: Separation 24/24
 MISST :: INFO     :: Writing to file
